** Daemonized, any open files are closed.  Look at /Library/WebServer/Documents/LivePipe.net/log/locomotive.pid and log/mongrel.log for info.
** Starting Mongrel listening at 0.0.0.0:3002
** Starting Rails with development environment...
** Rails loaded.
** Loading any Rails specific GemPlugins
** Signals ready.  TERM => stop.  USR2 => restart.  INT => stop (no restart).
** Rails signals registered.  HUP => reload (without restart).  It might not work well.
** Mongrel available at 0.0.0.0:3002
** Writing PID file to /Library/WebServer/Documents/LivePipe.net/log/locomotive.pid
/Library/WebServer/Documents/LivePipe.net/config/../config/routes.rb:16: warning: don't put space before argument parentheses
** TERM signal received.
** Daemonized, any open files are closed.  Look at /Library/WebServer/Documents/LivePipe.net/log/locomotive.pid and log/mongrel.log for info.
** Starting Mongrel listening at 0.0.0.0:3002
** Starting Rails with development environment...
/Applications/Locomotive2/Bundles/standardRailsMar2007.locobundle/i386/lib/ruby/gems/1.8/gems/actionpack-1.13.5/lib/action_controller/routing.rb:956:in `build': Illegal route: the :controller must be specified! (ArgumentError)
	from /Applications/Locomotive2/Bundles/standardRailsMar2007.locobundle/i386/lib/ruby/gems/1.8/gems/actionpack-1.13.5/lib/action_controller/routing.rb:1199:in `add_route'
	from /Applications/Locomotive2/Bundles/standardRailsMar2007.locobundle/i386/lib/ruby/gems/1.8/gems/actionpack-1.13.5/lib/action_controller/routing.rb:977:in `connect'
	from /Library/WebServer/Documents/LivePipe.net/config/../config/routes.rb:9:in `send'
	from /Library/WebServer/Documents/LivePipe.net/config/../config/routes.rb:9
	from /Library/WebServer/Documents/LivePipe.net/config/../config/routes.rb:8:in `each'
	from /Library/WebServer/Documents/LivePipe.net/config/../config/routes.rb:8
	from /Applications/Locomotive2/Bundles/standardRailsMar2007.locobundle/i386/lib/ruby/gems/1.8/gems/actionpack-1.13.5/lib/action_controller/routing.rb:1166:in `draw'
	from /Library/WebServer/Documents/LivePipe.net/config/../config/routes.rb:3
	 ... 22 levels...
	from /Applications/Locomotive2/Bundles/standardRailsMar2007.locobundle/i386/lib/ruby/gems/1.8/gems/mongrel-1.0.1/lib/mongrel/command.rb:211:in `run'
	from /Applications/Locomotive2/Bundles/standardRailsMar2007.locobundle/i386/lib/ruby/gems/1.8/gems/mongrel-1.0.1/bin/mongrel_rails:243
	from /Applications/Locomotive2/Bundles/standardRailsMar2007.locobundle/i386/bin/mongrel_rails:16:in `load'
	from /Applications/Locomotive2/Bundles/standardRailsMar2007.locobundle/i386/bin/mongrel_rails:16
** Daemonized, any open files are closed.  Look at /Library/WebServer/Documents/LivePipe.net/log/locomotive.pid and log/mongrel.log for info.
** Starting Mongrel listening at 0.0.0.0:3002
** Starting Rails with development environment...
** Rails loaded.
** Loading any Rails specific GemPlugins
** Signals ready.  TERM => stop.  USR2 => restart.  INT => stop (no restart).
** Rails signals registered.  HUP => reload (without restart).  It might not work well.
** Mongrel available at 0.0.0.0:3002
** Writing PID file to /Library/WebServer/Documents/LivePipe.net/log/locomotive.pid
** TERM signal received.
** Daemonized, any open files are closed.  Look at /Library/WebServer/Documents/LivePipe.net/log/locomotive.pid and log/mongrel.log for info.
** Starting Mongrel listening at 0.0.0.0:3002
** Starting Rails with development environment...
** Rails loaded.
** Loading any Rails specific GemPlugins
** Signals ready.  TERM => stop.  USR2 => restart.  INT => stop (no restart).
** Rails signals registered.  HUP => reload (without restart).  It might not work well.
** Mongrel available at 0.0.0.0:3002
** Writing PID file to /Library/WebServer/Documents/LivePipe.net/log/locomotive.pid
** TERM signal received.
** Daemonized, any open files are closed.  Look at /Library/WebServer/Documents/LivePipe.net/log/locomotive.pid and log/mongrel.log for info.
** Starting Mongrel listening at 0.0.0.0:3002
** Starting Rails with development environment...
** Rails loaded.
** Loading any Rails specific GemPlugins
** Signals ready.  TERM => stop.  USR2 => restart.  INT => stop (no restart).
** Rails signals registered.  HUP => reload (without restart).  It might not work well.
** Mongrel available at 0.0.0.0:3002
** Writing PID file to /Library/WebServer/Documents/LivePipe.net/log/locomotive.pid
** TERM signal received.
** Daemonized, any open files are closed.  Look at /Library/WebServer/Documents/LivePipe.net/log/locomotive.pid and log/mongrel.log for info.
** Starting Mongrel listening at 0.0.0.0:3002
** Starting Rails with development environment...
** Rails loaded.
** Loading any Rails specific GemPlugins
** Signals ready.  TERM => stop.  USR2 => restart.  INT => stop (no restart).
** Rails signals registered.  HUP => reload (without restart).  It might not work well.
** Mongrel available at 0.0.0.0:3002
** Writing PID file to /Library/WebServer/Documents/LivePipe.net/log/locomotive.pid
** TERM signal received.
** Daemonized, any open files are closed.  Look at /Library/WebServer/Documents/LivePipe.net/log/locomotive.pid and log/mongrel.log for info.
** Starting Mongrel listening at 0.0.0.0:3002
** Starting Rails with development environment...
** Rails loaded.
** Loading any Rails specific GemPlugins
** Signals ready.  TERM => stop.  USR2 => restart.  INT => stop (no restart).
** Rails signals registered.  HUP => reload (without restart).  It might not work well.
** Mongrel available at 0.0.0.0:3002
** Writing PID file to /Library/WebServer/Documents/LivePipe.net/log/locomotive.pid
** TERM signal received.
** Daemonized, any open files are closed.  Look at /Library/WebServer/Documents/LivePipe.net/log/locomotive.pid and log/mongrel.log for info.
** Starting Mongrel listening at 0.0.0.0:3002
** Starting Rails with development environment...
** Rails loaded.
** Loading any Rails specific GemPlugins
** Signals ready.  TERM => stop.  USR2 => restart.  INT => stop (no restart).
** Rails signals registered.  HUP => reload (without restart).  It might not work well.
** Mongrel available at 0.0.0.0:3002
** Writing PID file to /Library/WebServer/Documents/LivePipe.net/log/locomotive.pid
** TERM signal received.
** Daemonized, any open files are closed.  Look at /Library/WebServer/Documents/LivePipe.net/log/locomotive.pid and log/mongrel.log for info.
** Starting Mongrel listening at 0.0.0.0:3002
** Starting Rails with development environment...
** Rails loaded.
** Loading any Rails specific GemPlugins
** Signals ready.  TERM => stop.  USR2 => restart.  INT => stop (no restart).
** Rails signals registered.  HUP => reload (without restart).  It might not work well.
** Mongrel available at 0.0.0.0:3002
** Writing PID file to /Library/WebServer/Documents/LivePipe.net/log/locomotive.pid
** TERM signal received.
** Daemonized, any open files are closed.  Look at /Library/WebServer/Documents/LivePipe.net/log/locomotive.pid and log/mongrel.log for info.
** Starting Mongrel listening at 0.0.0.0:3002
** Starting Rails with development environment...
** Rails loaded.
** Loading any Rails specific GemPlugins
** Signals ready.  TERM => stop.  USR2 => restart.  INT => stop (no restart).
** Rails signals registered.  HUP => reload (without restart).  It might not work well.
** Mongrel available at 0.0.0.0:3002
** Writing PID file to /Library/WebServer/Documents/LivePipe.net/log/locomotive.pid
/Library/WebServer/Documents/LivePipe.net/app/helpers/application_helper.rb:6: warning: parenthesize argument(s) for future version
/Library/WebServer/Documents/LivePipe.net/app/helpers/application_helper.rb:6: warning: parenthesize argument(s) for future version
** TERM signal received.
** Daemonized, any open files are closed.  Look at /Library/WebServer/Documents/LivePipe.net/log/locomotive.pid and log/mongrel.log for info.
** Starting Mongrel listening at 0.0.0.0:3002
** Starting Rails with development environment...
** Rails loaded.
** Loading any Rails specific GemPlugins
** Signals ready.  TERM => stop.  USR2 => restart.  INT => stop (no restart).
** Rails signals registered.  HUP => reload (without restart).  It might not work well.
** Mongrel available at 0.0.0.0:3002
** Writing PID file to /Library/WebServer/Documents/LivePipe.net/log/locomotive.pid
** TERM signal received.
** Daemonized, any open files are closed.  Look at /Library/WebServer/Documents/LivePipe.net/log/locomotive.pid and log/mongrel.log for info.
** Starting Mongrel listening at 0.0.0.0:3002
** Starting Rails with development environment...
** Rails loaded.
** Loading any Rails specific GemPlugins
** Signals ready.  TERM => stop.  USR2 => restart.  INT => stop (no restart).
** Rails signals registered.  HUP => reload (without restart).  It might not work well.
** Mongrel available at 0.0.0.0:3002
** Writing PID file to /Library/WebServer/Documents/LivePipe.net/log/locomotive.pid
** TERM signal received.
Sun Jun 01 11:14:07 -0700 2008: Reaping 4 threads for slow workers because of 'shutdown'
Waiting for 4 requests to finish, could take 60 seconds.** Daemonized, any open files are closed.  Look at /Library/WebServer/Documents/LivePipe.net/log/locomotive.pid and log/mongrel.log for info.
** Starting Mongrel listening at 0.0.0.0:3002
** Starting Rails with development environment...
** Daemonized, any open files are closed.  Look at /Library/WebServer/Documents/LivePipe.net/log/locomotive.pid and log/mongrel.log for info.
** Starting Mongrel listening at 0.0.0.0:3002
/Applications/Locomotive2/Bundles/standardRailsMar2007.locobundle/i386/lib/ruby/gems/1.8/gems/mongrel-1.0.1/lib/mongrel/tcphack.rb:12:in `initialize_without_backlog': Address already in use - bind(2) (Errno::EADDRINUSE)
	from /Applications/Locomotive2/Bundles/standardRailsMar2007.locobundle/i386/lib/ruby/gems/1.8/gems/mongrel-1.0.1/lib/mongrel/tcphack.rb:12:in `initialize'
	from /Applications/Locomotive2/Bundles/standardRailsMar2007.locobundle/i386/lib/ruby/gems/1.8/gems/mongrel-1.0.1/lib/mongrel.rb:560:in `new'
	from /Applications/Locomotive2/Bundles/standardRailsMar2007.locobundle/i386/lib/ruby/gems/1.8/gems/mongrel-1.0.1/lib/mongrel.rb:560:in `initialize'
	from /Applications/Locomotive2/Bundles/standardRailsMar2007.locobundle/i386/lib/ruby/gems/1.8/gems/mongrel-1.0.1/lib/mongrel/configurator.rb:128:in `new'
	from /Applications/Locomotive2/Bundles/standardRailsMar2007.locobundle/i386/lib/ruby/gems/1.8/gems/mongrel-1.0.1/lib/mongrel/configurator.rb:128:in `listener'
	from /Applications/Locomotive2/Bundles/standardRailsMar2007.locobundle/i386/lib/ruby/gems/1.8/gems/mongrel-1.0.1/bin/mongrel_rails:98:in `cloaker_'
	from /Applications/Locomotive2/Bundles/standardRailsMar2007.locobundle/i386/lib/ruby/gems/1.8/gems/mongrel-1.0.1/lib/mongrel/configurator.rb:51:in `call'
	from /Applications/Locomotive2/Bundles/standardRailsMar2007.locobundle/i386/lib/ruby/gems/1.8/gems/mongrel-1.0.1/lib/mongrel/configurator.rb:51:in `initialize'
	from /Applications/Locomotive2/Bundles/standardRailsMar2007.locobundle/i386/lib/ruby/gems/1.8/gems/mongrel-1.0.1/bin/mongrel_rails:83:in `new'
	from /Applications/Locomotive2/Bundles/standardRailsMar2007.locobundle/i386/lib/ruby/gems/1.8/gems/mongrel-1.0.1/bin/mongrel_rails:83:in `run'
	from /Applications/Locomotive2/Bundles/standardRailsMar2007.locobundle/i386/lib/ruby/gems/1.8/gems/mongrel-1.0.1/lib/mongrel/command.rb:211:in `run'
	from /Applications/Locomotive2/Bundles/standardRailsMar2007.locobundle/i386/lib/ruby/gems/1.8/gems/mongrel-1.0.1/bin/mongrel_rails:243
	from /Applications/Locomotive2/Bundles/standardRailsMar2007.locobundle/i386/bin/mongrel_rails:16:in `load'
	from /Applications/Locomotive2/Bundles/standardRailsMar2007.locobundle/i386/bin/mongrel_rails:16
Sun Jun 01 11:14:14 -0700 2008: Reaping 4 threads for slow workers because of 'shutdown'
Waiting for 4 requests to finish, could take 60 seconds.** Rails loaded.
** Loading any Rails specific GemPlugins
** Signals ready.  TERM => stop.  USR2 => restart.  INT => stop (no restart).
** Rails signals registered.  HUP => reload (without restart).  It might not work well.
** Mongrel available at 0.0.0.0:3002
** Writing PID file to /Library/WebServer/Documents/LivePipe.net/log/locomotive.pid
** TERM signal received.
